\BOOKMARK [0][-]{chapter.1}{Time Systems and Transformations}{}% 1
\BOOKMARK [1][-]{section.1.1}{Defining Time}{chapter.1}% 2
\BOOKMARK [1][-]{section.1.2}{Complications of the Day}{chapter.1}% 3
\BOOKMARK [2][-]{subsection.1.2.1}{The Solar Day}{section.1.2}% 4
\BOOKMARK [2][-]{subsection.1.2.2}{The Sidereal Day}{section.1.2}% 5
\BOOKMARK [1][-]{section.1.3}{Calendars}{chapter.1}% 6
\BOOKMARK [2][-]{subsection.1.3.1}{The Julian Calendar}{section.1.3}% 7
\BOOKMARK [2][-]{subsection.1.3.2}{The Gregorian Calendar}{section.1.3}% 8
\BOOKMARK [1][-]{section.1.4}{Measuring the Passage of Time}{chapter.1}% 9
\BOOKMARK [2][-]{subsection.1.4.1}{Time Systems}{section.1.4}% 10
\BOOKMARK [2][-]{subsection.1.4.2}{Julian Dates}{section.1.4}% 11
\BOOKMARK [0][-]{chapter.2}{Coordinate Systems and Transformations}{}% 12
\BOOKMARK [1][-]{section.2.1}{Earth-Centered Inertial \(ECI\) Reference Frame}{chapter.2}% 13
\BOOKMARK [1][-]{section.2.2}{Earth-Centered Earth-Fixed \(ECF\) Reference Frame}{chapter.2}% 14
\BOOKMARK [1][-]{section.2.3}{Spherical Coordinates}{chapter.2}% 15
\BOOKMARK [1][-]{section.2.4}{Ellipsoidal Coordinates}{chapter.2}% 16
\BOOKMARK [2][-]{subsection.2.4.1}{Reduced Latitude}{section.2.4}% 17
\BOOKMARK [2][-]{subsection.2.4.2}{Geocentric Latitude}{section.2.4}% 18
\BOOKMARK [2][-]{subsection.2.4.3}{Geodetic Latitude}{section.2.4}% 19
\BOOKMARK [0][-]{chapter.3}{Earth Model}{}% 20
\BOOKMARK [1][-]{section.3.1}{Reference Ellipsoid}{chapter.3}% 21
\BOOKMARK [1][-]{section.3.2}{Gravitational Model}{chapter.3}% 22
\BOOKMARK [2][-]{subsection.3.2.1}{Newtonian Gravity \(Smooth, Nonrotating Sphere\)}{section.3.2}% 23
\BOOKMARK [2][-]{subsection.3.2.2}{Normal Gravity \(Smooth, Rotating Spheroid\)}{section.3.2}% 24
\BOOKMARK [2][-]{subsection.3.2.3}{Earth Gravity \(Rough, Rotating Spheroid\)}{section.3.2}% 25
\BOOKMARK [1][-]{section.3.3}{Magnetic Model}{chapter.3}% 26
\BOOKMARK [2][-]{subsection.3.3.1}{World Magnetic Model 2020}{section.3.3}% 27
\BOOKMARK [1][-]{section.3.4}{The Geoid}{chapter.3}% 28
\BOOKMARK [2][-]{subsection.3.4.1}{Determining Height Above Mean Sea Level}{section.3.4}% 29
\BOOKMARK [2][-]{subsection.3.4.2}{Accuracy and Resolution}{section.3.4}% 30
\BOOKMARK [2][-]{subsection.3.4.3}{Results}{section.3.4}% 31
\BOOKMARK [1][-]{section.3.5}{Atmospheric Model}{chapter.3}% 32
\BOOKMARK [2][-]{subsection.3.5.1}{Gas Properties}{section.3.5}% 33
\BOOKMARK [2][-]{subsection.3.5.2}{Layers of the Atmosphere}{section.3.5}% 34
\BOOKMARK [2][-]{subsection.3.5.3}{Sourcing a Standard Atmosphere}{section.3.5}% 35
\BOOKMARK [2][-]{subsection.3.5.4}{Jet Standard Atmosphere}{section.3.5}% 36
\BOOKMARK [2][-]{subsection.3.5.5}{1976 U.S. Standard Atmosphere}{section.3.5}% 37
\BOOKMARK [2][-]{subsection.3.5.6}{Reference Atmospheric Models}{section.3.5}% 38
\BOOKMARK [2][-]{subsection.3.5.7}{NRLMSISE-00 Atmospheric Model}{section.3.5}% 39
\BOOKMARK [0][-]{chapter.4}{Structures}{}% 40
\BOOKMARK [1][-]{section.4.1}{Determination of Characteristics for Fundamental Geometries}{chapter.4}% 41
\BOOKMARK [2][-]{subsection.4.1.1}{Nose Cone Configurations}{section.4.1}% 42
\BOOKMARK [2][-]{subsection.4.1.2}{Body Configurations}{section.4.1}% 43
\BOOKMARK [2][-]{subsection.4.1.3}{Cavity Tuning}{section.4.1}% 44
\BOOKMARK [0][-]{chapter.5}{Propulsion}{}% 45
\BOOKMARK [1][-]{section.5.1}{Quasi-Unidimensional Nozzle Flow}{chapter.5}% 46
\BOOKMARK [2][-]{subsection.5.1.1}{Subsonic Flow}{section.5.1}% 47
\BOOKMARK [2][-]{subsection.5.1.2}{Supersonic Flow}{section.5.1}% 48
\BOOKMARK [1][-]{section.5.2}{Basic Grain Geometry}{chapter.5}% 49
\BOOKMARK [2][-]{subsection.5.2.1}{BATES Grain}{section.5.2}% 50
\BOOKMARK [0][-]{chapter.6}{Aerodynamics}{}% 51
\BOOKMARK [1][-]{section.6.1}{Lift}{chapter.6}% 52
\BOOKMARK [1][-]{section.6.2}{Drag}{chapter.6}% 53
\BOOKMARK [2][-]{subsection.6.2.1}{Flow over a Cone}{section.6.2}% 54
\BOOKMARK [2][-]{subsection.6.2.2}{Flow over a Circular Cone at Zero Angle of Attack}{section.6.2}% 55
\BOOKMARK [2][-]{subsection.6.2.3}{Second-Order Shock-Expansion Theory \204 Relation to Curved Nose Cones}{section.6.2}% 56
\BOOKMARK [2][-]{subsection.6.2.4}{Evaluating the Pressure Drag at Zero Angle of Attack}{section.6.2}% 57
\BOOKMARK [0][-]{chapter.7}{Phases of Flight}{}% 58
\BOOKMARK [1][-]{section.7.1}{Prelaunch}{chapter.7}% 59
\BOOKMARK [2][-]{subsection.7.1.1}{Initial Conditions}{section.7.1}% 60
\BOOKMARK [2][-]{subsection.7.1.2}{Defining the Body Frame}{section.7.1}% 61
\BOOKMARK [1][-]{section.7.2}{Rail-Guided Flight}{chapter.7}% 62
\BOOKMARK [2][-]{subsection.7.2.1}{Fully Rail-Guided Flight}{section.7.2}% 63
\BOOKMARK [2][-]{subsection.7.2.2}{Partially Rail-Guided Flight}{section.7.2}% 64
\BOOKMARK [1][-]{section.7.3}{Free-Flight}{chapter.7}% 65
\BOOKMARK [-1][-]{part*.88}{Appendix}{}% 66
\BOOKMARK [0][-]{appendix.A}{Mathematical Background of Coordinate Transformations}{part*.88}% 67
\BOOKMARK [1][-]{section.A.1}{Vector Spaces}{appendix.A}% 68
\BOOKMARK [1][-]{section.A.2}{Coordinate Transformations}{appendix.A}% 69
\BOOKMARK [1][-]{section.A.3}{Notation}{appendix.A}% 70
\BOOKMARK [1][-]{section.A.4}{Elemental Rotations}{appendix.A}% 71
\BOOKMARK [0][-]{appendix.B}{Mathematical Background of Spherical Harmonics}{part*.88}% 72
\BOOKMARK [1][-]{section.B.1}{Function Spaces}{appendix.B}% 73
\BOOKMARK [1][-]{section.B.2}{Spherical Harmonics \204 switch places with Legendre polynomials}{appendix.B}% 74
\BOOKMARK [1][-]{section.B.3}{Associated Legendre Polynomials \204 Switch Places with Sphr Harmonics}{appendix.B}% 75
\BOOKMARK [0][-]{appendix.C}{Fluid Dynamics \(Possibly Remove Entirely\)}{part*.88}% 76
\BOOKMARK [1][-]{section.C.1}{Conservation Laws}{appendix.C}% 77
\BOOKMARK [1][-]{section.C.2}{Similarity Parameters}{appendix.C}% 78
\BOOKMARK [1][-]{section.C.3}{Flow Regimes}{appendix.C}% 79
\BOOKMARK [2][-]{subsection.C.3.1}{Compressibility}{section.C.3}% 80
\BOOKMARK [2][-]{subsection.C.3.2}{Rotationality}{section.C.3}% 81
\BOOKMARK [2][-]{subsection.C.3.3}{Viscosity}{section.C.3}% 82
\BOOKMARK [2][-]{subsection.C.3.4}{Turbulence}{section.C.3}% 83
